(---------------------------------------------------------------------)
(                                                                     )
(    IPC2581 Export                                                   )
(                                                                     )
(    Software Version : 17.2S079                                      )
(    Date/Time        : Sun Jan 30 23:44:33 2022                      )
(                                                                     )
(---------------------------------------------------------------------)


WARNING: Overlapping board cutout detected at location (2286.6100 11.8100). IGNORED!


Collecting net list ...



Collecting padstack defintions ...



Collecting package defintions ...

WARNING:  Multiple PLACE_BOUND outlines defined for the package "LED4B200_220H84".
  An overall bounding box has been exported.
WARNING:  Both top and bottom PLACE_BOUND outlines defined for the package "HDMI23P50B1215_1500H838".
  An overall bounding box has been exported.
WARNING:  Both top and bottom PLACE_BOUND outlines defined for the package "HP6B620_1410H450".
  An overall bounding box has been exported.
WARNING:  Multiple PLACE_BOUND outlines defined for the package "BGA337P65B1300_1300H125".
  An overall bounding box has been exported.


Collecting component descriptions ...



Collecting BOM items ...



Property configuration file: F:/PCB_PROJECT/D1/PCB/ipc2581_attr_config.atr
IPC2581 file: D1
IPC2581 version: IPC2581-B
BRD file: F:/PCB_PROJECT/D1/PCB/D1.brd
IPC2581 units: INCH
Global package pin1 orientation: OTHER
Default symbol height: 0.15
Export drill information?: YES
Export BOM information?: YES
Export component descriptions?: YES
Export component packages?: YES
Export land patterns?: YES
Export device descriptions?: YES
Export net list?: YES
Export hierarchical layer/stack instance?: YES
Export Outer Copper Layers?: YES
Export Inner Layers?: YES
Export Documentation Layers?: YES
Export Miscellaneous Image Layers?: YES
Export SolderMask/SolderPaste Legend Layers?: YES
Export vector text?: YES
Export cavities?: NO
Export padstack definitions?: YES
Export zip file?: NO
a2ipc2581 complete.
