(---------------------------------------------------------------------)
(                                                                     )
(    Allegro Netrev Import Logic                                      )
(                                                                     )
(    Drawing          : D1.brd                                        )
(    Software Version : 17.2S079                                      )
(    Date/Time        : Thu Feb 10 21:55:27 2022                      )
(                                                                     )
(---------------------------------------------------------------------)


------ Directives ------------

Ripup etch:                  No
Ripup delete first segment:  No
Ripup retain bondwire:       No
Ripup symbols:               Always
Missing symbol has error:    No
DRC update:                  Yes
Schematic directory:         'F:/PCB_PROJECT/D1/SCH/allegro'
Design Directory:            'F:/PCB_PROJECT/D1/PCB'
Old design name:             'F:/PCB_PROJECT/D1/PCB/D1.brd'
New design name:             'F:/PCB_PROJECT/D1/PCB/D1.brd'

CmdLine: netrev -$ -i F:/PCB_PROJECT/D1/SCH/allegro -y 1 -h -q netrev_constraint_report.xml F:/PCB_PROJECT/D1/PCB/#Taaabdp06080.tmp

------ Preparing to read pst files ------

Starting to read F:/PCB_PROJECT/D1/SCH/allegro/pstchip.dat 
   Finished reading F:/PCB_PROJECT/D1/SCH/allegro/pstchip.dat (00:00:00.03)
Starting to read F:/PCB_PROJECT/D1/SCH/allegro/pstxprt.dat 
   Finished reading F:/PCB_PROJECT/D1/SCH/allegro/pstxprt.dat (00:00:00.00)
Starting to read F:/PCB_PROJECT/D1/SCH/allegro/pstxnet.dat 
   Finished reading F:/PCB_PROJECT/D1/SCH/allegro/pstxnet.dat (00:00:00.00)

------ Oversights/Warnings/Errors ------


------ Library Paths ------
MODULEPATH =  . 
           D:/Cadence/Cadence_SPB_17.2-2016/share/local/pcb/modules 

PSMPATH =  F:/cadence/mylib/package/ 
           . 
           symbols 
           .. 
           ../symbols 
           D:/Cadence/Cadence_SPB_17.2-2016/share/local/pcb/symbols 
           D:/Cadence/Cadence_SPB_17.2-2016/share/pcb/pcb_lib/symbols 
           D:/Cadence/Cadence_SPB_17.2-2016/share/pcb/allegrolib/symbols 

PADPATH =  F:/cadence/mylib/pad_lib/ 
           . 
           symbols 
           .. 
           ../symbols 
           D:/Cadence/Cadence_SPB_17.2-2016/share/local/pcb/padstacks 
           D:/Cadence/Cadence_SPB_17.2-2016/share/pcb/pcb_lib/symbols 
           D:/Cadence/Cadence_SPB_17.2-2016/share/pcb/allegrolib/symbols 


------ Summary Statistics ------


netrev run on Feb 10 21:55:27 2022
   DESIGN NAME : 'D1'
   PACKAGING ON Nov 12 2021 16:47:14

   COMPILE 'logic'
   CHECK_PIN_NAMES OFF
   CROSS_REFERENCE OFF
   FEEDBACK OFF
   INCREMENTAL OFF
   INTERFACE_TYPE PHYSICAL
   MAX_ERRORS 500
   MERGE_MINIMUM 5
   NET_NAME_CHARS '#%&()*+-./:=>?@[]^_`|'
   NET_NAME_LENGTH 24
   OVERSIGHTS ON
   REPLACE_CHECK OFF
   SINGLE_NODE_NETS ON
   SPLIT_MINIMUM 0
   SUPPRESS   20
   WARNINGS ON

 No error detected
 No oversight detected
 No warning detected

cpu time      0:00:51
elapsed time  0:00:00

