(---------------------------------------------------------------------)
(                                                                     )
(    QUICKPLACE LOG                                                   )
(                                                                     )
(    Drawing          : D1.brd                                        )
(    Software Version : 17.2S079                                      )
(    Date/Time        : Mon Jan 17 20:30:43 2022                      )
(                                                                     )
(---------------------------------------------------------------------)


State: Placing on layer TOP

         Placed symbol:  U4 / SY8089_SOT23-5-0P95-2P8-1P6X2P9 / SOT23-5-0P95-2P8-1P6X2P9MM at (-83.0000 2139.3184)
         Placed symbol:  U1 / SY8089_SOT23-5-0P95-2P8-1P6X2P9 / SOT23-5-0P95-2P8-1P6X2P9MM at (-83.0000 2016.8302)
         Placed symbol:  U3 / SY8089_SOT23-5-0P95-2P8-1P6X2P9 / SOT23-5-0P95-2P8-1P6X2P9MM at (-83.0000 1894.3420)
         Placed symbol:  U2 / SY8089_SOT23-5-0P95-2P8-1P6X2P9 / SOT23-5-0P95-2P8-1P6X2P9MM at (-83.0000 1771.8538)
         Placed symbol:  C7 / CAP NP_C0402_0.1UF / C0402 at (-48.0000 1686.7672)
         Placed symbol:  C12 / CAP NP_R0603_22UF / R0603 at (-68.0000 1628.7672)
         Placed symbol:  C16 / CAP NP_R0603_22UF / R0603 at (-68.0000 1560.7672)
         Placed symbol:  C3 / CAP NP_R0603_22UF / R0603 at (-68.0000 1492.7672)
         Placed symbol:  C8 / CAP NP_R0603_22UF / R0603 at (-68.0000 1424.7672)
ERROR:   Could not find symbol:  D1 / DIODE_SMB-403A-03_SS24 / SMB-403A-03
         Placed symbol:  D2 / LED_LED0603_LED / LED0603 at (-68.0000 1356.7672)
         Placed symbol:  C11 / CAP NP_C0402_0.1UF / C0402 at (-48.0000 1298.7672)
         Placed symbol:  C9 / CAP NP_R0603_10UF / R0603 at (-68.0000 1240.7672)
         Placed symbol:  R1 / R_R0805_0 / R0805 at (-98.0000 1162.7672)
         Placed symbol:  R3 / R_R0805_0 / R0805 at (-98.0000 1074.7672)
         Placed symbol:  R5 / R_R0805_0 / R0805 at (-98.0000 986.7672)
         Placed symbol:  R6 / R_R0805_0 / R0805 at (-98.0000 898.7672)
         Placed symbol:  R8 / R_R0805_0 / R0805 at (-98.0000 810.7672)
         Placed symbol:  R11 / R_R0603_0 / R0603 at (-68.0000 732.7672)
         Placed symbol:  R124 / R_R0603_0 / R0603 at (-68.0000 664.7672)
         Placed symbol:  R12 / R_R0402_10K / R0402 at (-48.0000 606.7672)
         Placed symbol:  R17 / R_R0402_10K / R0402 at (-48.0000 558.7672)
         Placed symbol:  R20 / R_R0402_10K / R0402 at (-48.0000 510.7672)
         Placed symbol:  R4 / R_R0402_10K / R0402 at (-48.0000 462.7672)
         Placed symbol:  R9 / R_R0402_10K / R0402 at (-48.0000 414.7672)
         Placed symbol:  R13 / R_R0402_25K / R0402 at (-48.0000 366.7672)
         Placed symbol:  R14 / R_R0402_2K / R0402 at (-48.0000 318.7672)
         Placed symbol:  R15 / R_R0402_20K / R0402 at (-48.0000 270.7672)
         Placed symbol:  R22 / R_R0402_20K / R0402 at (-48.0000 222.7672)
         Placed symbol:  R7 / R_R0402_20K / R0402 at (-48.0000 174.7672)
         Placed symbol:  R18 / R_R0402_680K / R0402 at (-48.0000 126.7672)
         Placed symbol:  R19 / R_R0402_150K / R0402 at (-48.0000 78.7672)
         Placed symbol:  R2 / R_R0603_12K / R0603 at (-256.0000 2166.7200)
         Placed symbol:  R21 / R_R0402_74K / R0402 at (-236.0000 2108.7200)
         Placed symbol:  R125 / R_R0805_0 / R0805 at (-286.0000 2040.7200)
         Placed symbol:  C6 / CAP NP_R0603_10UF / R0603 at (-256.0000 1962.7200)
         Placed symbol:  C5 / CAP NP_R0603_10UF / R0603 at (-256.0000 1894.7200)
         Placed symbol:  C2 / CAP NP_C0402_0.1UF / C0402 at (-236.0000 1836.7200)
         Placed symbol:  C15 / CAP NP_C0402_0.1UF / C0402 at (-236.0000 1788.7200)
         Placed symbol:  R16 / R_R0805_0 / R0805 at (-286.0000 1720.7200)
         Placed symbol:  R10 / R_R0603_0 / R0603 at (-256.0000 1642.7200)
         Placed symbol:  C4 / CAP NP_R0603_10UF / R0603 at (-256.0000 1574.7200)
         Placed symbol:  C17 / CAP NP_R0603_10UF / R0603 at (-256.0000 1506.7200)
         Placed symbol:  C14 / CAP NP_R0603_10UF / R0603 at (-256.0000 1438.7200)
         Placed symbol:  C13 / CAP NP_R0603_10UF / R0603 at (-256.0000 1370.7200)
         Placed symbol:  C10 / CAP NP_R0603_10UF / R0603 at (-256.0000 1302.7200)
         Placed symbol:  C1 / CAP NP_R0603_10UF / R0603 at (-256.0000 1234.7200)
         Placed symbol:  J2 / HEADER 1_M3-PAD_M3 / M3-PAD at (-302.3000 1090.4200)
         Placed symbol:  J4 / HEADER 1_M3-PAD_M3 / M3-PAD at (-302.3000 869.8200)
         Placed symbol:  J3 / HEADER 1_M3-PAD_M3 / M3-PAD at (-302.3000 649.2200)
         Placed symbol:  J1 / HEADER 1_M3-PAD_M3 / M3-PAD at (-302.3000 428.6200)


Placed 50 of 51 applicable (326 total) symbols.

-----------------------------------------------------------------------

State: Placing on layer TOP

         Placed symbol:  C24 / CAP NP_R0603_10UF / R0603 at (-256.0000 284.3200)
         Placed symbol:  C26 / CAP NP_R0603_10UF / R0603 at (-256.0000 216.3200)
         Placed symbol:  C30 / CAP NP_R0603_10UF / R0603 at (-256.0000 148.3200)
         Placed symbol:  C23 / CAP NP_R0603_10UF / R0603 at (-256.0000 80.3200)
         Placed symbol:  Y1 / XTAL_CRYSTAL-3215_32.768K / CRYSTAL-3215 at (-485.5173 2161.2673)
         Placed symbol:  C21 / CAP NP_C0402_1UF / C0402 at (-456.6000 2097.8145)
         Placed symbol:  X1 / XTAL-4_CRYSTAL-2520_24M / CRYSTAL-2520 at (-471.7181 2019.2239)
         Placed symbol:  SW2 / SW PUSHBUTTON_BUTTON-3X4_RESET / BUTTON-3X4 at (-526.0489 1904.9247)
         Placed symbol:  SW1 / SW PUSHBUTTON_BUTTON-3X4_FEL / BUTTON-3X4 at (-526.0489 1778.8147)
         Placed symbol:  R25 / R_R0402_10K / R0402 at (-456.6000 1691.7597)
         Placed symbol:  R24 / R_R0402_10K / R0402 at (-456.6000 1643.7597)
         Placed symbol:  R23 / R_R0402_10K / R0402 at (-456.6000 1595.7597)
         Placed symbol:  J5 / HEADER 1_TEST-POINT_TP / TEST-POINT at (-437.6000 1542.7597)
         Placed symbol:  C22 / CAP NP_C0402_12PF / C0402 at (-456.6000 1493.7597)
         Placed symbol:  C20 / CAP NP_C0402_12PF / C0402 at (-456.6000 1445.7597)
         Placed symbol:  C19 / CAP NP_C0402_12PF / C0402 at (-456.6000 1397.7597)
         Placed symbol:  C18 / CAP NP_C0402_12PF / C0402 at (-456.6000 1349.7597)
         Placed symbol:  C38 / CAP NP_C0402_1UF / C0402 at (-456.6000 1301.7597)
         Placed symbol:  C37 / CAP NP_C0402_1UF / C0402 at (-456.6000 1253.7597)
         Placed symbol:  C36 / CAP NP_C0402_1UF / C0402 at (-456.6000 1205.7597)
         Placed symbol:  C29 / CAP NP_C0402_0.1UF / C0402 at (-456.6000 1157.7597)
         Placed symbol:  C34 / CAP NP_C0402_0.1UF / C0402 at (-456.6000 1109.7597)
         Placed symbol:  C25 / CAP NP_C0402_1UF / C0402 at (-456.6000 1061.7597)
         Placed symbol:  C27 / CAP NP_C0402_1UF / C0402 at (-456.6000 1013.7597)
         Placed symbol:  C28 / CAP NP_C0402_1UF / C0402 at (-456.6000 965.7597)
         Placed symbol:  C31 / CAP NP_C0402_1UF / C0402 at (-456.6000 917.7597)
         Placed symbol:  C32 / CAP NP_C0402_1UF / C0402 at (-456.6000 869.7597)
         Placed symbol:  C33 / CAP NP_C0402_1UF / C0402 at (-456.6000 821.7597)
         Placed symbol:  C35 / CAP NP_C0402_1UF / C0402 at (-456.6000 773.7597)
ERROR:   Could not find symbol:  U5 / D1-BGA337-0518_BGA337P65B1300_1 / BGA337P65B1300_1300H125


Placed 29 of 30 applicable (276 total) symbols.

-----------------------------------------------------------------------

State: Placing on layer TOP

         Placed symbol:  C50 / CAP NP_R0603_10UF / R0603 at (-476.6000 715.7597)
         Placed symbol:  C41 / CAP NP_R0603_10UF / R0603 at (-476.6000 647.7597)
         Placed symbol:  C58 / CAP NP_R0603_10UF / R0603 at (-476.6000 579.7597)
         Placed symbol:  R38 / R_R0402_50 / R0402 at (-456.6000 521.7597)
         Placed symbol:  R36 / R_R0402_22 / R0402 at (-456.6000 473.7597)
         Placed symbol:  R37 / R_R0402_50 / R0402 at (-456.6000 425.7597)
         Placed symbol:  R28 / R_R0402_240 / R0402 at (-456.6000 377.7597)
         Placed symbol:  R35 / R_R0402_22 / R0402 at (-456.6000 329.7597)
         Placed symbol:  R26 / R_R0402_240 / R0402 at (-456.6000 281.7597)
         Placed symbol:  R34 / R_R0402_2K / R0402 at (-456.6000 233.7597)
         Placed symbol:  R33 / R_R0402_2K / R0402 at (-456.6000 185.7597)
         Placed symbol:  R27 / R_R0402_240 / R0402 at (-456.6000 137.7597)
         Placed symbol:  R31 / R_R0402_2K / R0402 at (-456.6000 89.7597)
         Placed symbol:  R30 / R_R0402_2K / R0402 at (-456.6000 41.7597)
         Placed symbol:  R29 / R_R0402_2K / R0402 at (-684.6789 2176.7200)
         Placed symbol:  R32 / R_R0402_2K / R0402 at (-684.6789 2128.7200)
         Placed symbol:  C39 / CAP NP_C0402_0.1UF / C0402 at (-684.6789 2080.7200)
         Placed symbol:  C40 / CAP NP_C0402_0.1UF / C0402 at (-684.6789 2032.7200)
         Placed symbol:  C43 / CAP NP_C0402_0.1UF / C0402 at (-684.6789 1984.7200)
         Placed symbol:  C44 / CAP NP_C0402_0.1UF / C0402 at (-684.6789 1936.7200)
         Placed symbol:  C45 / CAP NP_C0402_0.1UF / C0402 at (-684.6789 1888.7200)
         Placed symbol:  C46 / CAP NP_C0402_0.1UF / C0402 at (-684.6789 1840.7200)
         Placed symbol:  C47 / CAP NP_C0402_0.1UF / C0402 at (-684.6789 1792.7200)
         Placed symbol:  C48 / CAP NP_C0402_0.1UF / C0402 at (-684.6789 1744.7200)
         Placed symbol:  C54 / CAP NP_C0402_0.1UF / C0402 at (-684.6789 1696.7200)
         Placed symbol:  C55 / CAP NP_C0402_0.1UF / C0402 at (-684.6789 1648.7200)
         Placed symbol:  C56 / CAP NP_C0402_0.1UF / C0402 at (-684.6789 1600.7200)
         Placed symbol:  C62 / CAP NP_C0402_0.1UF / C0402 at (-684.6789 1552.7200)
         Placed symbol:  C63 / CAP NP_C0402_0.1UF / C0402 at (-684.6789 1504.7200)
         Placed symbol:  C64 / CAP NP_C0402_0.1UF / C0402 at (-684.6789 1456.7200)
         Placed symbol:  C57 / CAP NP_C0603_22UF / C0603 at (-704.6789 1398.7200)
         Placed symbol:  U6 / K4B4G1646E_DDR3-BGA96_K4B4G1646 / DDR3-BGA96 at (-821.8443 1104.4995)
         Placed symbol:  U7 / K4B4G1646E_DDR3-BGA96_K4B4G1646 / DDR3-BGA96 at (-821.8443 584.3735)
         Placed symbol:  C42 / CAP NP_C0402_1UF / C0402 at (-684.6789 300.4680)
         Placed symbol:  C51 / CAP NP_C0402_1UF / C0402 at (-684.6789 252.4680)
         Placed symbol:  C52 / CAP NP_C0402_1UF / C0402 at (-684.6789 204.4680)
         Placed symbol:  C53 / CAP NP_C0402_1UF / C0402 at (-684.6789 156.4680)
         Placed symbol:  C59 / CAP NP_C0402_1UF / C0402 at (-684.6789 108.4680)
         Placed symbol:  C60 / CAP NP_C0402_1UF / C0402 at (-684.6789 60.4680)
         Placed symbol:  C49 / CAP NP_C0603_22UF / C0603 at (-1067.0097 2166.7200)
         Placed symbol:  C61 / CAP NP_C0402_1UF / C0402 at (-1047.0097 2108.7200)
ERROR:   Could not find symbol:  U5 / D1-BGA337-0518_BGA337P65B1300_1 / BGA337P65B1300_1300H125


Placed 41 of 42 applicable (247 total) symbols.

-----------------------------------------------------------------------

State: Placing on layer TOP

         Placed symbol:  R39 / R_R0402_22 / R0402 at (-1047.0097 2060.7200)
         Placed symbol:  R44 / R_R0402_100K / R0402 at (-1047.0097 2012.7200)
         Placed symbol:  R51 / R_R0402_47K / R0402 at (-1047.0097 1964.7200)
         Placed symbol:  R50 / R_R0402_47K / R0402 at (-1047.0097 1916.7200)
         Placed symbol:  R49 / R_R0402_47K / R0402 at (-1047.0097 1868.7200)
         Placed symbol:  R48 / R_R0402_47K / R0402 at (-1047.0097 1820.7200)
         Placed symbol:  R45 / R_R0402_100K / R0402 at (-1047.0097 1772.7200)
         Placed symbol:  R46 / R_R0402_4.7K / R0402 at (-1047.0097 1724.7200)
         Placed symbol:  R47 / R_R0402_4.7K / R0402 at (-1047.0097 1676.7200)
         Placed symbol:  R53 / R_R0402_1K / R0402 at (-1047.0097 1628.7200)
         Placed symbol:  R52 / R_R0402_1K / R0402 at (-1047.0097 1580.7200)
         Placed symbol:  R43 / R_R0402_1K / R0402 at (-1047.0097 1532.7200)
         Placed symbol:  R42 / R_R0402_1K / R0402 at (-1047.0097 1484.7200)
         Placed symbol:  C65 / CAP NP_C0402_0.1UF / C0402 at (-1047.0097 1436.7200)
         Placed symbol:  C66 / CAP NP_C0402_0.1UF / C0402 at (-1047.0097 1388.7200)
         Placed symbol:  C67 / CAP NP_C0402_0.1UF / C0402 at (-1047.0097 1340.7200)
         Placed symbol:  C68 / CAP NP_C0402_0.1UF / C0402 at (-1047.0097 1292.7200)
         Placed symbol:  C69 / CAP NP_C0402_0.1UF / C0402 at (-1047.0097 1244.7200)
         Placed symbol:  C70 / CAP NP_C0402_0.1UF / C0402 at (-1047.0097 1196.7200)
         Placed symbol:  C71 / CAP NP_C0402_0.1UF / C0402 at (-1047.0097 1148.7200)
         Placed symbol:  C72 / CAP NP_C0402_0.1UF / C0402 at (-1047.0097 1100.7200)
         Placed symbol:  R40 / R_R0402_22 / R0402 at (-1047.0097 1052.7200)
ERROR:   Could not find symbol:  U9 / AT24C64_SOP-8-4P9X3P9MM-1P27MM_ / SOP-8-4P9X3P9MM-1P27MM
ERROR:   Could not find symbol:  U8 / WS2812C-2020_LED4B200_220H84_WS / LED4B200_220H84
ERROR:   Could not find symbol:  SW3 / SW DIP-2_SW-2P-SMD-1P27_SW DIP- / SW-2P-SMD-1P27
ERROR:   Could not find symbol:  D11 / DIODE TAZ_ESD0402_ESD / ESD0402
ERROR:   Could not find symbol:  D5 / DIODE TAZ_ESD0402_ESD / ESD0402
ERROR:   Could not find symbol:  D6 / DIODE TAZ_ESD0402_ESD / ESD0402
ERROR:   Could not find symbol:  D7 / DIODE TAZ_ESD0402_ESD / ESD0402
ERROR:   Could not find symbol:  D8 / DIODE TAZ_ESD0402_ESD / ESD0402
ERROR:   Could not find symbol:  D9 / DIODE TAZ_ESD0402_ESD / ESD0402
         Placed symbol:  R41 / R_R0402_10K / R0402 at (-1047.0097 1004.7200)
         Placed symbol:  R54 / R_R0402_470K / R0402 at (-1047.0097 956.7200)
ERROR:   Could not find symbol:  J6 / TFCARD-SHORT-8P_TFCARD-SHORT-8P / TFCARD-SHORT-8P
         Placed symbol:  D4 / LED_LED0603_LED / LED0603 at (-1067.0097 898.7200)
         Placed symbol:  D3 / LED_LED0603_LED / LED0603 at (-1067.0097 830.7200)
ERROR:   Could not find symbol:  D10 / DIODE TAZ_ESD0402_ESD / ESD0402
ERROR:   Could not find symbol:  U5 / D1-BGA337-0518_BGA337P65B1300_1 / BGA337P65B1300_1300H125


Placed 26 of 38 applicable (206 total) symbols.

-----------------------------------------------------------------------

State: Placing on layer TOP

         Placed symbol:  C75 / CAP NP_R0603_10UF / R0603 at (-1067.0097 762.7200)
ERROR:   Could not find symbol:  D14 / DIODE TAZ_ESD0402_DIODE TAZ / ESD0402
         Placed symbol:  C73 / CAP NP_C0402_0.1UF / C0402 at (-1047.0097 704.7200)
         Placed symbol:  C77 / CAP NP_C0402_0.1UF / C0402 at (-1047.0097 656.7200)
         Placed symbol:  C78 / CAP NP_C0402_0.1UF / C0402 at (-1047.0097 608.7200)
         Placed symbol:  C80 / CAP NP_C0402_0.1UF / C0402 at (-1047.0097 560.7200)
         Placed symbol:  C81 / CAP NP_C0402_0.1UF / C0402 at (-1047.0097 512.7200)
         Placed symbol:  C83 / CAP NP_C0402_0.1UF / C0402 at (-1047.0097 464.7200)
         Placed symbol:  C84 / CAP NP_C0402_0.1UF / C0402 at (-1047.0097 416.7200)
         Placed symbol:  C85 / CAP NP_C0402_0.1UF / C0402 at (-1047.0097 368.7200)
         Placed symbol:  C86 / CAP NP_C0402_0.1UF / C0402 at (-1047.0097 320.7200)
         Placed symbol:  C87 / CAP NP_C0402_0.1UF / C0402 at (-1047.0097 272.7200)
         Placed symbol:  R55 / R_R0402_2K / R0402 at (-1047.0097 224.7200)
ERROR:   Could not find symbol:  D12 / DIODE TAZ_ESD0402_DIODE TAZ / ESD0402
         Placed symbol:  R60 / R_R0402_22 / R0402 at (-1047.0097 176.7200)
         Placed symbol:  R61 / R_R0402_22 / R0402 at (-1047.0097 128.7200)
         Placed symbol:  R59 / R_R0402_100K / R0402 at (-1047.0097 80.7200)
         Placed symbol:  R58 / R_R0402_1K / R0402 at (-1047.0097 32.7200)
         Placed symbol:  R56 / R_R0402_1K / R0402 at (-1175.0097 2176.7200)
ERROR:   Could not find symbol:  U5 / D1-BGA337-0518_BGA337P65B1300_1 / BGA337P65B1300_1300H125
         Placed symbol:  C74 / CAP NP_C0402_1UF / C0402 at (-1175.0097 2128.7200)
         Placed symbol:  C76 / CAP NP_C0402_1UF / C0402 at (-1175.0097 2080.7200)
         Placed symbol:  C82 / CAP NP_C0402_1UF / C0402 at (-1175.0097 2032.7200)
ERROR:   Could not find symbol:  D15 / DIODE TAZ_ESD0402_DIODE TAZ / ESD0402
ERROR:   Could not find symbol:  J7 / PJ-342E_HP6B620_1410H450_PJ-342 / HP6B620_1410H450
         Placed symbol:  C79 / CAP NP_C0402_33P / C0402 at (-1175.0097 1984.7200)
ERROR:   Could not find symbol:  D13 / DIODE TAZ_ESD0402_DIODE TAZ / ESD0402
         Placed symbol:  R57 / R_R0402_1M / R0402 at (-1175.0097 1936.7200)


Placed 22 of 28 applicable (180 total) symbols.

-----------------------------------------------------------------------

State: Placing on layer TOP

ERROR:   Could not find symbol:  U5 / D1-BGA337-0518_BGA337P65B1300_1 / BGA337P65B1300_1300H125
         Placed symbol:  C92 / CAP NP_C0402_0.1UF / C0402 at (-1175.0097 1888.7200)
         Placed symbol:  C88 / CAP NP_C0402_0.1UF / C0402 at (-1175.0097 1840.7200)
ERROR:   Could not find symbol:  D17 / ESD-ULC0524P_RCLAMP0524P_ULC052 / RCLAMP0524P
         Placed symbol:  C89 / CAP NP_C0402_1UF / C0402 at (-1175.0097 1792.7200)
         Placed symbol:  C90 / CAP NP_C0402_1UF / C0402 at (-1175.0097 1744.7200)
         Placed symbol:  C91 / CAP NP_C0402_1UF / C0402 at (-1175.0097 1696.7200)
         Placed symbol:  C93 / CAP NP_C0402_1UF / C0402 at (-1175.0097 1648.7200)
         Placed symbol:  C94 / CAP NP_C0402_1UF / C0402 at (-1175.0097 1600.7200)
         Placed symbol:  C95 / CAP NP_C0402_1UF / C0402 at (-1175.0097 1552.7200)
         Placed symbol:  U11 / TFT-0P96-160X80-8P_FPC8-0P5MM_T / FPC8-0P5MM at (-1310.0098 1499.9169)
ERROR:   Could not find symbol:  U10 / OV2640_FPC24-0P5MM_OV2640 / FPC24-0P5MM
         Placed symbol:  R71 / R_R0402_27K / R0402 at (-1175.0097 1239.6334)
         Placed symbol:  R72 / R_R0603_10R / R0603 at (-1195.0097 1181.6334)
ERROR:   Could not find symbol:  J8 / HDMI-TYPE-A-SLOT_HDMI23P50B1215 / HDMI23P50B1215_1500H838
         Placed symbol:  R69 / R_R0402_100R / R0402 at (-1175.0097 1123.6334)
         Placed symbol:  R65 / R_R0402_0 / R0402 at (-1175.0097 1075.6334)
         Placed symbol:  R68 / R_R0402_1K / R0402 at (-1175.0097 1027.6334)
         Placed symbol:  R74 / R_R0402_100K / R0402 at (-1175.0097 979.6334)
ERROR:   Could not find symbol:  D19 / DIODE TAZ_ESD0402_ESD / ESD0402
ERROR:   Could not find symbol:  D20 / DIODE TAZ_ESD0402_ESD / ESD0402
ERROR:   Could not find symbol:  D21 / DIODE TAZ_ESD0402_ESD / ESD0402
ERROR:   Could not find symbol:  D22 / DIODE TAZ_ESD0402_ESD / ESD0402
ERROR:   Could not find symbol:  D23 / DIODE TAZ_ESD0402_ESD / ESD0402
         Placed symbol:  R73 / R_R0402_100K / R0402 at (-1175.0097 931.6334)
         Placed symbol:  R70 / R_R0402_100R / R0402 at (-1175.0097 883.6334)
         Placed symbol:  R64 / R_R0402_4.7K / R0402 at (-1175.0097 835.6334)
         Placed symbol:  R66 / R_R0402_4.7K / R0402 at (-1175.0097 787.6334)
         Placed symbol:  R62 / R_R0402_10K / R0402 at (-1175.0097 739.6334)
         Placed symbol:  R67 / R_R0402_4.7K / R0402 at (-1175.0097 691.6334)
         Placed symbol:  D18 / DIODE_SOD-123_DIODE / SOD-123 at (-1233.6317 632.1373)
ERROR:   Could not find symbol:  D16 / ESD-ULC0524P_RCLAMP0524P_ULC052 / RCLAMP0524P
ERROR:   Could not find symbol:  Q2 / MOSFET N_SOT-323_2SK3018 / SOT-323
         Placed symbol:  Q1 / MOSFET P_SOT-23_WPM3407-3/TR / SOT-23 at (-1194.0648 524.6412)
         Placed symbol:  R63 / R_R0402_4.7K / R0402 at (-1175.0097 428.6412)
         Placed symbol:  C106 / CAP NP_C0402_0.1UF / C0402 at (-1175.0097 380.6412)
ERROR:   Could not find symbol:  D24 / DIODE TAZ_ESD0402_DIODE TAZ / ESD0402
         Placed symbol:  C104 / CAP NP_C0402_0.1UF / C0402 at (-1175.0097 332.6412)
         Placed symbol:  C102 / CAP NP_C0402_0.1UF / C0402 at (-1175.0097 284.6412)
         Placed symbol:  D27 / LED_LED0603_LED / LED0603 at (-1195.0097 226.6412)
         Placed symbol:  C105 / CAP NP_C0402_0.1UF / C0402 at (-1175.0097 168.6412)
         Placed symbol:  D25 / DIODE_SOD-123_DIODE / SOD-123 at (-1233.6317 109.1451)
         Placed symbol:  J11 / USBA-DUAL_USBA-DUAL-PAD_USBA-DU / USBA-DUAL-PAD at (-1806.7893 1593.1767)
ERROR:   Could not find symbol:  J12 / USB-C-16P_USB-C-16P-SMD_USB-C-1 / USB-C-16P-SMD
         Placed symbol:  D26 / LED_LED0603_LED / LED0603 at (-1553.0098 1469.7436)
         Placed symbol:  C112 / CAP NP_C0402_0.1UF / C0402 at (-1533.0098 1411.7436)
         Placed symbol:  C103 / CAP NP_C0402_1UF / C0402 at (-1533.0098 1363.7436)
         Placed symbol:  C107 / CAP NP_C0402_0.1UF / C0402 at (-1533.0098 1315.7436)
         Placed symbol:  D28 / LED_LED0603_LED / LED0603 at (-1553.0098 1257.7436)
         Placed symbol:  C100 / CAP NP_C0402_0.1UF / C0402 at (-1533.0098 1199.7436)
         Placed symbol:  C98 / CAP NP_C0402_18PF / C0402 at (-1533.0098 1151.7436)
         Placed symbol:  C99 / CAP NP_C0402_18PF / C0402 at (-1533.0098 1103.7436)
         Placed symbol:  J10 / USBA-DUAL_USBA-DUAL-PAD_USBA-DU / USBA-DUAL-PAD at (-1806.7893 472.2003)
         Placed symbol:  C108 / CAP NP_C0402_0.1UF / C0402 at (-1533.0098 358.7672)
ERROR:   Could not find symbol:  J9 / USB-C-16P_USB-C-16P-SMD_USB-C-1 / USB-C-16P-SMD
         Placed symbol:  R100 / R_R0402_DNP/4.7K / R0402 at (-1533.0098 310.7672)
         Placed symbol:  R101 / R_R0402_DNP/4.7K / R0402 at (-1533.0098 262.7672)
         Placed symbol:  R106 / R_R0402_DNP/4.7K / R0402 at (-1533.0098 214.7672)
         Placed symbol:  R107 / R_R0402_DNP/4.7K / R0402 at (-1533.0098 166.7672)
         Placed symbol:  R77 / R_R0402_DNP/4.7K / R0402 at (-1533.0098 118.7672)
         Placed symbol:  R102 / R_R0402_0_DNP / R0402 at (-1533.0098 70.7672)
         Placed symbol:  R103 / R_R0402_0_DNP / R0402 at (-1533.0098 22.7672)
         Placed symbol:  C111 / CAP NP_C0402_0.1UF / C0402 at (-2168.5688 2176.7200)
         Placed symbol:  R96 / R_R0402_0_DNP / R0402 at (-2168.5688 2128.7200)
         Placed symbol:  R97 / R_R0402_0_DNP / R0402 at (-2168.5688 2080.7200)
         Placed symbol:  R104 / R_R0402_10K / R0402 at (-2168.5688 2032.7200)
         Placed symbol:  R105 / R_R0402_10K / R0402 at (-2168.5688 1984.7200)
         Placed symbol:  C109 / CAP NP_C0402_0.1UF / C0402 at (-2168.5688 1936.7200)
         Placed symbol:  C101 / CAP NP_C0402_0.1UF / C0402 at (-2168.5688 1888.7200)
         Placed symbol:  C110 / CAP NP_C0402_0.1UF / C0402 at (-2168.5688 1840.7200)
ERROR:   Could not find symbol:  J13 / HEADER 4_HEADER-1X4_HEADER 4 / HEADER-1X4
         Placed symbol:  C113 / CAP NP_C0402_0.1UF / C0402 at (-2168.5688 1792.7200)
         Placed symbol:  C97 / CAP NP_C0402_0.1UF / C0402 at (-2168.5688 1744.7200)
         Placed symbol:  R76 / R_R0402_10K / R0402 at (-2168.5688 1696.7200)
         Placed symbol:  R79 / R_R0402_10K / R0402 at (-2168.5688 1648.7200)
         Placed symbol:  R89 / R_R0402_10K / R0402 at (-2168.5688 1600.7200)
         Placed symbol:  R90 / R_R0402_10K / R0402 at (-2168.5688 1552.7200)
         Placed symbol:  R91 / R_R0402_10K / R0402 at (-2168.5688 1504.7200)
         Placed symbol:  R92 / R_R0402_10K / R0402 at (-2168.5688 1456.7200)
         Placed symbol:  R93 / R_R0402_10K / R0402 at (-2168.5688 1408.7200)
         Placed symbol:  R94 / R_R0402_10K / R0402 at (-2168.5688 1360.7200)
         Placed symbol:  R95 / R_R0402_10K / R0402 at (-2168.5688 1312.7200)
         Placed symbol:  R98 / R_R0402_10K / R0402 at (-2168.5688 1264.7200)
         Placed symbol:  R99 / R_R0402_10K / R0402 at (-2168.5688 1216.7200)
         Placed symbol:  R108 / R_R0402_1K / R0402 at (-2168.5688 1168.7200)
         Placed symbol:  R109 / R_R0402_1K / R0402 at (-2168.5688 1120.7200)
         Placed symbol:  R110 / R_R0402_1K / R0402 at (-2168.5688 1072.7200)
         Placed symbol:  C96 / CAP NP_C0402_0.1UF / C0402 at (-2168.5688 1024.7200)
         Placed symbol:  R75 / R_R0402_0_DNP / R0402 at (-2168.5688 976.7200)
         Placed symbol:  R80 / R_R0402_15K / R0402 at (-2168.5688 928.7200)
         Placed symbol:  R86 / R_R0402_0 / R0402 at (-2168.5688 880.7200)
         Placed symbol:  R87 / R_R0402_0 / R0402 at (-2168.5688 832.7200)
         Placed symbol:  U13 / LPW5206_SOT23-5-0P95-2P8-1P6X2P / SOT23-5-0P95-2P8-1P6X2P9MM at (-2203.5688 747.3184)
         Placed symbol:  U24 / SP0503BAHTG_SP0503BAHTG_SP0503B / SP0503BAHTG at (-2187.6239 610.9720)
         Placed symbol:  R78 / R_R0402_47K / R0402 at (-2168.5688 511.7121)
         Placed symbol:  X2 / XTAL-4_CRYSTAL-2520_12M / CRYSTAL-2520 at (-2183.6869 433.1215)
ERROR:   Could not find symbol:  U23 / CH340E_MSOP10-0P5-3X3MM_CH340E / MSOP10-0P5-3X3MM
         Placed symbol:  U15 / LPW5206_SOT23-5-0P95-2P8-1P6X2P / SOT23-5-0P95-2P8-1P6X2P9MM at (-2203.5688 320.4757)
         Placed symbol:  U14 / GL850G_QFN28-0P5-5X5MM_GL850G / QFN28-0P5-5X5MM at (-2248.8444 135.1135)
         Placed symbol:  U21 / LPW5206_SOT23-5-0P95-2P8-1P6X2P / SOT23-5-0P95-2P8-1P6X2P9MM at (-2452.1200 2139.3184)
         Placed symbol:  U22 / SP0503BAHTG_SP0503BAHTG_SP0503B / SP0503BAHTG at (-2436.1751 2002.9720)
         Placed symbol:  U19 / SP0503BAHTG_SP0503BAHTG_SP0503B / SP0503BAHTG at (-2436.1751 1852.4523)
         Placed symbol:  U17 / SP0503BAHTG_SP0503BAHTG_SP0503B / SP0503BAHTG at (-2436.1751 1701.9326)
         Placed symbol:  R88 / R_R0402_1M / R0402 at (-2417.1200 1602.6727)
         Placed symbol:  U12 / SP0503BAHTG_SP0503BAHTG_SP0503B / SP0503BAHTG at (-2436.1751 1503.4129)
         Placed symbol:  R81 / R_R0402_0 / R0402 at (-2417.1200 1404.1530)
         Placed symbol:  R82 / R_R0402_0 / R0402 at (-2417.1200 1356.1530)
         Placed symbol:  R84 / R_R0402_0 / R0402 at (-2417.1200 1308.1530)
         Placed symbol:  R85 / R_R0402_0 / R0402 at (-2417.1200 1260.1530)
         Placed symbol:  R83 / R_R0402_680 1% / R0402 at (-2417.1200 1212.1530)
         Placed symbol:  U18 / LPW5206_SOT23-5-0P95-2P8-1P6X2P / SOT23-5-0P95-2P8-1P6X2P9MM at (-2452.1200 1126.7514)
         Placed symbol:  U20 / LPW5206_SOT23-5-0P95-2P8-1P6X2P / SOT23-5-0P95-2P8-1P6X2P9MM at (-2452.1200 1004.2632)
         Placed symbol:  U16 / SP0503BAHTG_SP0503BAHTG_SP0503B / SP0503BAHTG at (-2436.1751 867.9168)
         Placed symbol:  R121 / R_R0402_10K / R0402 at (-2417.1200 768.6569)
         Placed symbol:  R113 / R_R0402_47K / R0402 at (-2417.1200 720.6569)
         Placed symbol:  R114 / R_R0402_47K / R0402 at (-2417.1200 672.6569)
         Placed symbol:  R111 / R_R0402_47K / R0402 at (-2417.1200 624.6569)
         Placed symbol:  RF1 / ANT-2PORT_ANT-2051_AN2051-245 / ANT-2051 at (-2521.2145 552.9561)
         Placed symbol:  C119 / CAP NP_C0402_12PF / C0402 at (-2417.1200 481.2553)
         Placed symbol:  R120 / R_R0402_10K / R0402 at (-2417.1200 433.2553)
         Placed symbol:  C115 / CAP NP_C0402_10PF / C0402 at (-2417.1200 385.2553)
         Placed symbol:  C114 / CAP NP_C0402_10PF / C0402 at (-2417.1200 337.2553)
         Placed symbol:  C120 / CAP NP_C0402_12PF / C0402 at (-2417.1200 289.2553)
         Placed symbol:  L2 / INDUCTOR_L0806_1UH / L0806 at (-2476.8247 229.7396)
         Placed symbol:  R117 / R_R0402_10K / R0402 at (-2417.1200 170.2238)
         Placed symbol:  R118 / R_R0402_10K / R0402 at (-2417.1200 122.2238)
         Placed symbol:  R119 / R_R0402_10K / R0402 at (-2417.1200 74.2238)
         Placed symbol:  R116 / R_R0402_47K / R0402 at (-2417.1200 26.2238)
ERROR:   Could not find symbol:  L1 / INDUCTOR_L0603_0 / L0603
         Placed symbol:  R115 / R_R0402_47K / R0402 at (-2713.3090 2176.7200)
         Placed symbol:  R112 / R_R0402_47K / R0402 at (-2713.3090 2128.7200)
         Placed symbol:  C118 / CAP NP_C0402_1UF / C0402 at (-2713.3090 2080.7200)
         Placed symbol:  X3 / XTAL-4_CRYSTAL-2520_26M / CRYSTAL-2520 at (-2728.4271 2002.1294)
ERROR:   Could not find symbol:  U25 / AP6212_AP6212_AP6212 / AP6212
         Placed symbol:  C116 / CAP NP_C0402_1UF / C0402 at (-2713.3090 1926.8852)
         Placed symbol:  C117 / CAP NP_C0402_1UF / C0402 at (-2713.3090 1878.8852)
ERROR:   Could not find symbol:  J15 / HEADER 5_HEADER-1X5_HEADER 5 / HEADER-1X5
         Placed symbol:  R123 / R_R0402_6.8K / R0402 at (-2713.3090 1830.8852)
         Placed symbol:  SW4 / SW PUSHBUTTON_BUTTON-3X4_SW PUS / BUTTON-3X4 at (-2782.7579 1743.8302)
         Placed symbol:  R122 / R_R0402_51K / R0402 at (-2713.3090 1656.7752)
         Placed symbol:  J14 / HEADER 20X2_HEADER-20X2_HEADER / HEADER-20X2 at (-3051.3879 2146.7200)


Placed 122 of 141 applicable (158 total) symbols.

-----------------------------------------------------------------------

