Fri Feb 04 11:52:50 2022				Page     1


 
Update Symbols/Modules Logfile
	Fri Feb 04 11:52:50 2022

------ Module Refresh Messages ------

SUMMARY:    Updated 0 out of 0 modules

------ End Module Messages     ------



(---------------------------------------------------------------------)
(                                                                     )
(    Refresh Symbol                                                   )
(                                                                     )
(    Drawing          : D1.brd                                        )
(    Software Version : 17.2S079                                      )
(    Date/Time        : Fri Feb 04 11:52:51 2022                      )
(                                                                     )
(---------------------------------------------------------------------)


Fri Feb 04 11:52:51 2022				Page     1


------ Symbol Refresh Directives ------

Input design  = 'F:/PCB_PROJECT/D1/PCB/D1.brd'
Output design = ''

Update mechanical symbols              = 'NO'
Update format symbols                  = 'NO'
Update package symbols                 = 'NO'
Update shape/flash symbols             = 'NO'
Update symbol padstacks                = 'YES'
Preserve padstacks replaced on pins    = 'NO'
Reset symbol text and size locations   = 'NO'
Reset Pin Escapes (fanouts)            = 'NO'
Ripup Etch                             = 'NO'
Reset custom drill data                = 'NO'
Symbol list file                       = 'C:/Users/HX/AppData/Local/Temp/#Taaaasz04560.tmp'


------ Library Paths ------
PSMPATH =  F:/cadence/mylib/package/ 
           . 
           symbols 
           .. 
           ../symbols 
           D:/Cadence/Cadence_SPB_17.2-2016/share/local/pcb/symbols 
           D:/Cadence/Cadence_SPB_17.2-2016/share/pcb/pcb_lib/symbols 
           D:/Cadence/Cadence_SPB_17.2-2016/share/pcb/allegrolib/symbols 

PADPATH =  F:/cadence/mylib/pad_lib/ 
           . 
           symbols 
           .. 
           ../symbols 
           D:/Cadence/Cadence_SPB_17.2-2016/share/local/pcb/padstacks 
           D:/Cadence/Cadence_SPB_17.2-2016/share/pcb/pcb_lib/symbols 
           D:/Cadence/Cadence_SPB_17.2-2016/share/pcb/allegrolib/symbols 


------ Symbol Refresh Messages ------

'HEADER-1X5'  symbol refreshed successfully.
'HEADER-1X4'  symbol refreshed successfully.
'HEADER-20X2'  symbol refreshed successfully.


------ Pad Stack Refresh Messages ------

'C_PAD_60_40MIL'  pad stack refreshed successfully.
'S_PAD_60_40MIL'  pad stack refreshed successfully.


----- Symbol Update Summary ----

Updated symbols: 3 out 3
    Design updated.

