{ Using PSTWRITER 17.2.0 d001Feb-10-2022 at 21:55:09 }

#1 WARNING(ORCAP-36038): "No_connect" property on Pin "U13.3" ignored for U13: SCHEMATIC1, 07USB (15.10, 1.30). Connecting pin to net "N4530222".
#2 WARNING(ORCAP-36038): "No_connect" property on Pin "U15.3" ignored for U15: SCHEMATIC1, 07USB (8.50, 8.00). Connecting pin to net "N460804".
#3 WARNING(ORCAP-36038): "No_connect" property on Pin "U21.3" ignored for U21: SCHEMATIC1, 07USB (8.50, 9.20). Connecting pin to net "N461293".
#4 WARNING(ORCAP-36038): "No_connect" property on Pin "U20.3" ignored for U20: SCHEMATIC1, 07USB (5.30, 9.20). Connecting pin to net "N462490".
#5 WARNING(ORCAP-36038): "No_connect" property on Pin "U18.3" ignored for U18: SCHEMATIC1, 07USB (5.30, 8.00). Connecting pin to net "N462494".
#6 WARNING(ORCAP-36038): "No_connect" property on Pin "U25.24" ignored for U25: SCHEMATIC1, 08WIFI (2.80, 1.00). Connecting pin to net "N421423".
#7 WARNING(ORCAP-36006): Part Name "ESD-ULC0524P_RCLAMP0524P_ULC0524P" is renamed to "ESD-ULC0524P_RCLAMP0524P_ULC052".
#8 WARNING(ORCAP-36006): Part Name "USBA-DUAL_USBA-DUAL-PAD_USBA-DUAL" is renamed to "USBA-DUAL_USBA-DUAL-PAD_USBA-DU".
#9 WARNING(ORCAP-36006): Part Name "USB-C-16P_USB-C-16P-SMD_USB-C-16P" is renamed to "USB-C-16P_USB-C-16P-SMD_USB-C-1".
#10 WARNING(ORCAP-36006): Part Name "HEADER 20X2_HEADER-20X2_HEADER 20X2" is renamed to "HEADER 20X2_HEADER-20X2_HEADER".
#11 WARNING(ORCAP-36006): Part Name "TFCARD-SHORT-8P_TFCARD-SHORT-8P_TFCARD-SHORT-8P" is renamed to "TFCARD-SHORT-8P_TFCARD-SHORT-8P".
#12 WARNING(ORCAP-36006): Part Name "PJ-342E_HP6B620_1410H450_PJ-342E" is renamed to "PJ-342E_HP6B620_1410H450_PJ-342".
#13 WARNING(ORCAP-36006): Part Name "HDMI-TYPE-A-SLOT_HDMI23P50B1215_1500H838_HDMI-TYPE-A-SLOT" is renamed to "HDMI-TYPE-A-SLOT_HDMI23P50B1215".
#14 WARNING(ORCAP-36006): Part Name "SW DIP-2_SW-2P-SMD-1P27_SW DIP-2" is renamed to "SW DIP-2_SW-2P-SMD-1P27_SW DIP-".
#15 WARNING(ORCAP-36006): Part Name "SW PUSHBUTTON_BUTTON-3X4_SW PUSHBUTTON" is renamed to "SW PUSHBUTTON_BUTTON-3X4_SW PUS".
#16 WARNING(ORCAP-36006): Part Name "SY8089_SOT23-5-0P95-2P8-1P6X2P9MM_SY8089" is renamed to "SY8089_SOT23-5-0P95-2P8-1P6X2P9".
#17 WARNING(ORCAP-36006): Part Name "TFT-0P96-160X80-8P_FPC8-0P5MM_TFT-0P96-160X80-8P" is renamed to "TFT-0P96-160X80-8P_FPC8-0P5MM_T".
#18 WARNING(ORCAP-36006): Part Name "SP0503BAHTG_SP0503BAHTG_SP0503BAHTG" is renamed to "SP0503BAHTG_SP0503BAHTG_SP0503B".
#19 WARNING(ORCAP-36006): Part Name "LPW5206_SOT23-5-0P95-2P8-1P6X2P9MM_LPW5206" is renamed to "LPW5206_SOT23-5-0P95-2P8-1P6X2P".
#20 WARNING(ORCAP-36006): Part Name "SGM721_SOT23-5-0P95-2P8-1P6X2P9MM_SGM721" is renamed to "SGM721_SOT23-5-0P95-2P8-1P6X2P9".
#21 WARNING(ORCAP-36006): Part Name "D1-BGA337-0518_BGA337P65B1300_1300H125_(S1+S2+S3+S4+S5+S6+S7+S8+S9+S10)_D1-BGA337-0518" is renamed to "D1-BGA337-0518_BGA337P65B1300_1".
#22 WARNING(ORCAP-36006): Part Name "MT41K512M16_DDR3-BGA96_MT41K512M16" is renamed to "MT41K512M16_DDR3-BGA96_MT41K512".
#23 WARNING(ORCAP-36006): Part Name "WS2812C-2020_LED4B200_220H84_WS2812C-2020" is renamed to "WS2812C-2020_LED4B200_220H84_WS".
#24 WARNING(ORCAP-36006): Part Name "AT24C64_SOP-8-4P9X3P9MM-1P27MM_AT24C64" is renamed to "AT24C64_SOP-8-4P9X3P9MM-1P27MM_".
INFO(ORCAP-36080): Scanning netlist files ...

Loading... F:\PCB_PROJECT\D1\SCH\allegro/pstchip.dat

Loading... F:\PCB_PROJECT\D1\SCH\allegro/pstchip.dat

Loading... F:\PCB_PROJECT\D1\SCH\allegro/pstchip.dat

Loading... F:\PCB_PROJECT\D1\SCH\allegro/pstxnet.dat
packaging the design view...